TN:
SF:src/presentation/helpers/http-response.js
FN:5,badRequest
FN:12,serverError
FN:19,ok
FN:28,unauthorizedError
FNF:4
FNH:4
FNDA:2,badRequest
FNDA:5,serverError
FNDA:2,ok
FNDA:1,unauthorizedError
DA:1,1
DA:2,1
DA:3,1
DA:4,1
DA:5,1
DA:6,2
DA:7,2
DA:8,2
DA:9,2
DA:10,2
DA:11,1
DA:12,1
DA:13,5
DA:14,5
DA:15,5
DA:16,5
DA:17,5
DA:18,1
DA:19,1
DA:20,2
DA:21,2
DA:22,2
DA:23,2
DA:24,2
DA:25,2
DA:26,2
DA:27,1
DA:28,1
DA:29,1
DA:30,1
DA:31,1
DA:32,1
DA:33,1
DA:34,1
LF:34
LH:34
BRDA:5,0,0,2
BRDA:12,1,0,5
BRDA:19,2,0,2
BRDA:28,3,0,1
BRF:4
BRH:4
end_of_record
TN:
SF:src/presentation/helpers/missing-param-error.js
FN:2,MissingParamError
FNF:1
FNH:1
FNDA:3,MissingParamError
DA:1,1
DA:2,1
DA:3,3
DA:4,3
DA:5,3
DA:6,1
LF:6
LH:6
BRDA:2,0,0,3
BRF:1
BRH:1
end_of_record
TN:
SF:src/presentation/helpers/server-error.js
FN:2,ServerError
FNF:1
FNH:1
FNDA:10,ServerError
DA:1,1
DA:2,1
DA:3,10
DA:4,10
DA:5,10
DA:6,1
LF:6
LH:6
BRDA:2,0,0,10
BRF:1
BRH:1
end_of_record
TN:
SF:src/presentation/helpers/unauthorized-error.js
FN:2,UnauthorizedError
FNF:1
FNH:1
FNDA:2,UnauthorizedError
DA:1,1
DA:2,1
DA:3,2
DA:4,2
DA:5,2
DA:6,1
LF:6
LH:6
BRDA:2,0,0,2
BRF:1
BRH:1
end_of_record
TN:
SF:src/presentation/routers/login-router.js
FN:5,LoginRouter
FN:9,route
FNF:2
FNH:2
FNDA:10,LoginRouter
FNDA:10,route
DA:1,1
DA:2,1
DA:3,1
DA:4,1
DA:5,1
DA:6,10
DA:7,10
DA:8,1
DA:9,1
DA:10,10
DA:11,10
DA:12,10
DA:13,1
DA:14,1
DA:15,7
DA:16,10
DA:17,1
DA:18,1
DA:19,6
DA:20,10
DA:21,3
DA:22,10
DA:23,1
DA:24,1
DA:25,2
DA:26,2
DA:27,10
DA:28,5
DA:29,5
DA:30,5
DA:31,10
DA:32,1
LF:32
LH:32
BRDA:5,0,0,10
BRDA:9,1,0,10
BRDA:12,2,0,1
BRDA:15,3,0,7
BRDA:16,4,0,1
BRDA:19,5,0,6
BRDA:20,6,0,3
BRDA:22,7,0,1
BRDA:25,8,0,2
BRDA:27,9,0,5
BRF:10
BRH:10
end_of_record
